[0.022s] Invoking command in '/home/reuel-terezakis/ros2_ws/src/build/ros2_fundamentals_examples': CMAKE_PREFIX_PATH=${CMAKE_PREFIX_PATH}:/opt/ros/jazzy DEBUGINFOD_URLS=https://debuginfod.ubuntu.com /usr/bin/cmake /home/reuel-terezakis/ros2_ws/src/ros2_fundamentals_examples -DCMAKE_INSTALL_PREFIX=/home/reuel-terezakis/ros2_ws/src/install/ros2_fundamentals_examples
[0.184s] -- The C compiler identification is GNU 13.3.0
[0.324s] -- The CXX compiler identification is GNU 13.3.0
[0.365s] -- Detecting C compiler ABI info
[0.574s] -- Detecting C compiler ABI info - done
[0.596s] -- Check for working C compiler: /usr/bin/cc - skipped
[0.598s] -- Detecting C compile features
[0.599s] -- Detecting C compile features - done
[0.621s] -- Detecting CXX compiler ABI info
[0.851s] -- Detecting CXX compiler ABI info - done
[0.873s] -- Check for working CXX compiler: /usr/bin/c++ - skipped
[0.874s] -- Detecting CXX compile features
[0.875s] -- Detecting CXX compile features - done
[0.891s] -- Found ament_cmake: 2.5.3 (/opt/ros/jazzy/share/ament_cmake/cmake)
[1.164s] -- Found Python3: /usr/bin/python3 (found version "3.12.3") found components: Interpreter 
[1.407s] -- Found rclcpp: 28.1.6 (/opt/ros/jazzy/share/rclcpp/cmake)
[1.521s] -- Found rosidl_generator_c: 4.6.5 (/opt/ros/jazzy/share/rosidl_generator_c/cmake)
[1.558s] -- Found rosidl_generator_cpp: 4.6.5 (/opt/ros/jazzy/share/rosidl_generator_cpp/cmake)
[1.602s] -- Using all available rosidl_typesupport_c: rosidl_typesupport_fastrtps_c;rosidl_typesupport_introspection_c
[1.651s] -- Using all available rosidl_typesupport_cpp: rosidl_typesupport_fastrtps_cpp;rosidl_typesupport_introspection_cpp
[1.842s] -- Found rmw_implementation_cmake: 7.3.1 (/opt/ros/jazzy/share/rmw_implementation_cmake/cmake)
[1.851s] -- Found rmw_fastrtps_cpp: 8.4.1 (/opt/ros/jazzy/share/rmw_fastrtps_cpp/cmake)
[2.035s] -- Found OpenSSL: /usr/lib/x86_64-linux-gnu/libcrypto.so (found version "3.0.13")  
[2.087s] -- Found FastRTPS: /opt/ros/jazzy/include (Required is at least version "2.13") 
[2.147s] -- Using RMW implementation 'rmw_fastrtps_cpp' as default
[2.327s] -- Found rclpy: 7.1.3 (/opt/ros/jazzy/share/rclpy/cmake)
[2.333s] -- Found std_msgs: 5.3.5 (/opt/ros/jazzy/share/std_msgs/cmake)
[2.549s] -- Found ament_lint_auto: 0.17.1 (/opt/ros/jazzy/share/ament_lint_auto/cmake)
[2.560s] -- Found ament_cmake_pytest: 2.5.3 (/opt/ros/jazzy/share/ament_cmake_pytest/cmake)
[2.569s] -- Found ament_cmake_gtest: 2.5.3 (/opt/ros/jazzy/share/ament_cmake_gtest/cmake)
[3.351s] -- Found gtest sources under '/opt/ros/jazzy/src/gtest_vendor': C++ tests using 'Google Test' will be built
[3.358s] -- Performing Test CMAKE_HAVE_LIBC_PTHREAD
[3.752s] -- Performing Test CMAKE_HAVE_LIBC_PTHREAD - Success
[3.758s] -- Found Threads: TRUE  
[4.005s] -- Configuring done (4.0s)
[4.048s] -- Generating done (0.0s)
[4.065s] -- Build files have been written to: /home/reuel-terezakis/ros2_ws/src/build/ros2_fundamentals_examples
